<?xml version="1.0" encoding="UTF-8"?>
<testng-results skipped="0" failed="0" ignored="0" total="1" passed="1">
  <reporter-output>
  </reporter-output>
  <suite name="Suite" duration-ms="4725" started-at="2019-02-16T15:19:21Z" finished-at="2019-02-16T15:19:26Z">
    <groups>
    </groups>
    <test name="Test" duration-ms="4725" started-at="2019-02-16T15:19:21Z" finished-at="2019-02-16T15:19:26Z">
      <class name="com.pkg.Hello">
        <test-method status="PASS" signature="printMsg()[pri:0, instance:com.pkg.Hello@337d0578]" name="printMsg" duration-ms="4698" started-at="2019-02-16T15:19:21Z" finished-at="2019-02-16T15:19:26Z">
          <reporter-output>
          </reporter-output>
        </test-method> <!-- printMsg -->
      </class> <!-- com.pkg.Hello -->
    </test> <!-- Test -->
  </suite> <!-- Suite -->
</testng-results>
